C:\git\EjercicioPractico\ApiPersonasFront\dist\out-tsc\app\app.component.js
C:\git\EjercicioPractico\ApiPersonasFront\dist\out-tsc\app\app.component.js.map
C:\git\EjercicioPractico\ApiPersonasFront\dist\out-tsc\app\layout\notfound\notfound.component.js
C:\git\EjercicioPractico\ApiPersonasFront\dist\out-tsc\app\layout\notfound\notfound.component.js.map
C:\git\EjercicioPractico\ApiPersonasFront\dist\out-tsc\app\layout\service\app.layout.service.js
C:\git\EjercicioPractico\ApiPersonasFront\dist\out-tsc\app\layout\service\app.layout.service.js.map
C:\git\EjercicioPractico\ApiPersonasFront\dist\out-tsc\app\layout\app.sidebar.component.js
C:\git\EjercicioPractico\ApiPersonasFront\dist\out-tsc\app\layout\app.sidebar.component.js.map
C:\git\EjercicioPractico\ApiPersonasFront\dist\out-tsc\environments\environment.js
C:\git\EjercicioPractico\ApiPersonasFront\dist\out-tsc\environments\environment.js.map
C:\git\EjercicioPractico\ApiPersonasFront\dist\out-tsc\app\layout\app.topbar.component.js
C:\git\EjercicioPractico\ApiPersonasFront\dist\out-tsc\app\layout\app.topbar.component.js.map
C:\git\EjercicioPractico\ApiPersonasFront\dist\out-tsc\app\layout\app.layout.component.js
C:\git\EjercicioPractico\ApiPersonasFront\dist\out-tsc\app\layout\app.layout.component.js.map
C:\git\EjercicioPractico\ApiPersonasFront\dist\out-tsc\app\models\persona.model.js
C:\git\EjercicioPractico\ApiPersonasFront\dist\out-tsc\app\models\persona.model.js.map
C:\git\EjercicioPractico\ApiPersonasFront\dist\out-tsc\app\service\personas.service.js
C:\git\EjercicioPractico\ApiPersonasFront\dist\out-tsc\app\service\personas.service.js.map
C:\git\EjercicioPractico\ApiPersonasFront\dist\out-tsc\app\components\personas\Personas.component.js
C:\git\EjercicioPractico\ApiPersonasFront\dist\out-tsc\app\components\personas\Personas.component.js.map
C:\git\EjercicioPractico\ApiPersonasFront\dist\out-tsc\app\components\personas\Personas-routing.module.js
C:\git\EjercicioPractico\ApiPersonasFront\dist\out-tsc\app\components\personas\Personas-routing.module.js.map
C:\git\EjercicioPractico\ApiPersonasFront\dist\out-tsc\app\components\personas\Personas.module.js
C:\git\EjercicioPractico\ApiPersonasFront\dist\out-tsc\app\components\personas\Personas.module.js.map
C:\git\EjercicioPractico\ApiPersonasFront\dist\out-tsc\app\components\components-routing.module.js
C:\git\EjercicioPractico\ApiPersonasFront\dist\out-tsc\app\components\components-routing.module.js.map
C:\git\EjercicioPractico\ApiPersonasFront\dist\out-tsc\app\components\components.module.js
C:\git\EjercicioPractico\ApiPersonasFront\dist\out-tsc\app\components\components.module.js.map
C:\git\EjercicioPractico\ApiPersonasFront\dist\out-tsc\app\app-routing.module.js
C:\git\EjercicioPractico\ApiPersonasFront\dist\out-tsc\app\app-routing.module.js.map
C:\git\EjercicioPractico\ApiPersonasFront\dist\out-tsc\app\layout\app.menu.component.js
C:\git\EjercicioPractico\ApiPersonasFront\dist\out-tsc\app\layout\app.menu.component.js.map
C:\git\EjercicioPractico\ApiPersonasFront\dist\out-tsc\app\layout\api\menuchangeevent.js
C:\git\EjercicioPractico\ApiPersonasFront\dist\out-tsc\app\layout\api\menuchangeevent.js.map
C:\git\EjercicioPractico\ApiPersonasFront\dist\out-tsc\app\layout\app.menu.service.js
C:\git\EjercicioPractico\ApiPersonasFront\dist\out-tsc\app\layout\app.menu.service.js.map
C:\git\EjercicioPractico\ApiPersonasFront\dist\out-tsc\app\layout\app.menuitem.component.js
C:\git\EjercicioPractico\ApiPersonasFront\dist\out-tsc\app\layout\app.menuitem.component.js.map
C:\git\EjercicioPractico\ApiPersonasFront\dist\out-tsc\app\layout\app.footer.component.js
C:\git\EjercicioPractico\ApiPersonasFront\dist\out-tsc\app\layout\app.footer.component.js.map
C:\git\EjercicioPractico\ApiPersonasFront\dist\out-tsc\app\layout\config\app.config.component.js
C:\git\EjercicioPractico\ApiPersonasFront\dist\out-tsc\app\layout\config\app.config.component.js.map
C:\git\EjercicioPractico\ApiPersonasFront\dist\out-tsc\app\layout\config\config.module.js
C:\git\EjercicioPractico\ApiPersonasFront\dist\out-tsc\app\layout\config\config.module.js.map
C:\git\EjercicioPractico\ApiPersonasFront\dist\out-tsc\app\layout\app.layout.module.js
C:\git\EjercicioPractico\ApiPersonasFront\dist\out-tsc\app\layout\app.layout.module.js.map
C:\git\EjercicioPractico\ApiPersonasFront\dist\out-tsc\app\app.module.js
C:\git\EjercicioPractico\ApiPersonasFront\dist\out-tsc\app\app.module.js.map
C:\git\EjercicioPractico\ApiPersonasFront\dist\out-tsc\main.js
C:\git\EjercicioPractico\ApiPersonasFront\dist\out-tsc\main.js.map
C:\git\EjercicioPractico\ApiPersonasFront\dist\out-tsc\test.js
C:\git\EjercicioPractico\ApiPersonasFront\dist\out-tsc\test.js.map
C:\git\EjercicioPractico\ApiPersonasFront\dist\out-tsc\app\app.component.spec.js
C:\git\EjercicioPractico\ApiPersonasFront\dist\out-tsc\app\app.component.spec.js.map
C:\git\EjercicioPractico\ApiPersonasFront\dist\out-tsc\app\app.routes.js
C:\git\EjercicioPractico\ApiPersonasFront\dist\out-tsc\app\app.routes.js.map
C:\git\EjercicioPractico\ApiPersonasFront\dist\out-tsc\app\app.config.js
C:\git\EjercicioPractico\ApiPersonasFront\dist\out-tsc\app\app.config.js.map
C:\git\EjercicioPractico\ApiPersonasFront\dist\out-tsc\environments\environment.prod.js
C:\git\EjercicioPractico\ApiPersonasFront\dist\out-tsc\environments\environment.prod.js.map
C:\git\EjercicioPractico\ApiPersonasFront\dist\out-tsc\login\login.component.js
C:\git\EjercicioPractico\ApiPersonasFront\dist\out-tsc\login\login.component.js.map
